('number of CPUs = ', 32)
Oxford
MC grid created for x
MC grid created for y


Finding the closest nu in convex order...
('value = ', 18.512247051705895)
('gradient norm = ', 0.45574255399565811)
('hess, call', 2, ', grad norm = ', 0.45574255399565811)
('hess, call', 3, ', grad norm = ', 0.45574255399565811)
('value = ', 18.508814140117067)
('gradient norm = ', 0.002931374993123825)
('hess, call', 5, ', grad norm = ', 0.002931374993123825)
('hess, call', 6, ', grad norm = ', 0.002931374993123825)
('value = ', 18.508814139177339)
('gradient norm = ', 1.7334712942154269e-07)
{'value': 18.508814139177339, 'grad_norm': 1.7334712942154269e-07, 'success': True, 'iterations': 2}
Computed!



('rf = ', 0.46714429381802447)
(20, ' iterations')


('BIG iteration', 1)
('epsilon = ', 1.0)
('value = ', 18.701383768728057)
('gradient norm = ', 0.031962768182650897)
('time for h = ', 13.228276014328003)
('value = ', 18.701383768725634)
('gradient norm = ', 0.031962777570405651)


('iteration ', 1)
('time for psi = ', 10.8772451877594)
('time for h = ', 387.8418891429901)
('value = ', 18.700276013214072)
('gradient norm = ', 0.015152515021194267)
('value = ', 18.700284415221265)
('gradient norm = ', 0.014967086370208564)
('hess, call', 5, ', grad norm = ', 0.014967086370208564)
('hess, call', 6, ', grad norm = ', 0.014967086370208564)
('hess, call', 7, ', grad norm = ', 0.014967086370208564)
('hess, call', 8, ', grad norm = ', 0.014967086370208564)
('hess, call', 9, ', grad norm = ', 0.014967086370208564)
('hess, call', 10, ', grad norm = ', 0.014967086370208564)
('hess, call', 11, ', grad norm = ', 0.014967086370208564)
('hess, call', 12, ', grad norm = ', 0.014967086370208564)
('value = ', 18.697626095637368)
('gradient norm = ', 0.0016349983998502091)
{'value': 18.697626095637368, 'grad_norm': 0.0016349983998502091, 'success': True, 'iterations': 1}
('error_real = ', 0.0029041232937447848)
('primal = ', 0.18623056775612407)
('dual = ', 5.9593376001805769)
('error max <= ', 5.7731070324244529)


('BIG iteration', 2)
('epsilon = ', 0.5)
('value = ', 9.4412919264047037)
('gradient norm = ', 0.0054818864956499751)
('time for h = ', 13.273500919342041)
('value = ', 9.441291926403542)
('gradient norm = ', 0.0054818954671350161)
('value = ', 9.4416908262183856)
('gradient norm = ', 0.0041559145338737717)
{'value': 9.4416908262183856, 'grad_norm': 0.0041559145338737717, 'success': True, 'iterations': 0}
('error_real = ', 0.005481886494853907)
('primal = ', 0.18727913459516476)
('dual = ', 3.0754132918467683)
('error max <= ', 2.8881341572516037)


('BIG iteration', 3)
('epsilon = ', 0.24905775362877614)
('value = ', 4.7961633238427472)
('gradient norm = ', 0.012271687152623223)
('time for h = ', 13.339980125427246)
('value = ', 4.7961633238435244)
('gradient norm = ', 0.012271696305064817)


('iteration ', 1)
('time for psi = ', 10.375854015350342)
('time for h = ', 370.98299407958984)
('value = ', 4.796117303555552)
('gradient norm = ', 0.0080829552134461941)
('value = ', 4.7965239957830237)
('gradient norm = ', 0.0067539569033708922)
{'value': 4.7965239957830237, 'grad_norm': 0.0067539569033708922, 'success': True, 'iterations': 0}
('error_real = ', 0.0080829538671741818)
('primal = ', 0.18928148403849132)
('dual = ', 1.6300166111044856)
('error max <= ', 1.4407351270659943)


('BIG iteration', 4)
('epsilon = ', 0.12359195072008532)
('value = ', 2.4741621799611275)
('gradient norm = ', 0.016019505845465486)
('time for h = ', 16.808762073516846)
('value = ', 2.474162179959122)
('gradient norm = ', 0.016019515175833599)


('iteration ', 1)
('time for psi = ', 10.477922916412354)
('time for h = ', 382.77802419662476)
('value = ', 2.4741028405369612)
('gradient norm = ', 0.014658740796354472)
('value = ', 2.4745168473076591)
('gradient norm = ', 0.013311387116190133)
('hess, call', 5, ', grad norm = ', 0.013311387116190133)
('hess, call', 6, ', grad norm = ', 0.013311387116190133)
('hess, call', 7, ', grad norm = ', 0.013311387116190133)
('hess, call', 8, ', grad norm = ', 0.013311387116190133)
('hess, call', 9, ', grad norm = ', 0.013311387116190133)
('hess, call', 10, ', grad norm = ', 0.013311387116190133)
('value = ', 2.4742581415000542)
('gradient norm = ', 0.0017622044775598533)
{'value': 2.4742581415000542, 'grad_norm': 0.0017622044775598533, 'success': True, 'iterations': 1}
('error_real = ', 0.0032025145329156084)
('primal = ', 0.18810441398267908)
('dual = ', 0.89877364298993689)
('error max <= ', 0.71066922900725782)


('BIG iteration', 5)
('epsilon = ', 0.061099881131183996)
('value = ', 1.3178457597023918)
('gradient norm = ', 0.010471433942605517)
('time for h = ', 12.68634581565857)
('value = ', 1.3178457597013247)
('gradient norm = ', 0.010471443066972686)


('iteration ', 1)
('time for psi = ', 10.808198928833008)
('time for h = ', 253.11162495613098)
('value = ', 1.3178389736896508)
('gradient norm = ', 0.0048941904335704283)
('value = ', 1.3183481146849185)
('gradient norm = ', 0.0034058982745956297)
{'value': 1.3183481146849185, 'grad_norm': 0.0034058982745956297, 'success': True, 'iterations': 0}
('error_real = ', 0.0048941376396225327)
('primal = ', 0.1906235847082362)
('dual = ', 0.53986669899084716)
('error max <= ', 0.34924311428261096)


('BIG iteration', 6)
('epsilon = ', 0.03009196871658165)
('value = ', 0.7454710145683161)
('gradient norm = ', 0.03006354307021579)
('time for h = ', 18.36246085166931)
('value = ', 0.74547101456857312)
('gradient norm = ', 0.030063552437033483)


('iteration ', 1)
('time for psi = ', 10.656752824783325)
('time for h = ', 413.84496092796326)
('value = ', 0.74544592427155754)
('gradient norm = ', 0.0081958563512326121)
('value = ', 0.74595631265468909)
('gradient norm = ', 0.0068730844269821179)
{'value': 0.74595631265468909, 'grad_norm': 0.0068730844269821179, 'success': True, 'iterations': 0}
('error_real = ', 0.0081958489455540053)
('primal = ', 0.19443566631172443)
('dual = ', 0.36374878744138461)
('error max <= ', 0.16931312112966018)


('BIG iteration', 7)
('epsilon = ', 0.01476457315460194)
('value = ', 0.46398836125562692)
('gradient norm = ', 0.063281594127581206)
('time for h = ', 29.183629035949707)
('value = ', 0.4639883612556594)
('gradient norm = ', 0.06328160340446301)


('iteration ', 1)
('time for psi = ', 10.49477481842041)
('time for h = ', 364.2135190963745)
('value = ', 0.4639242399762516)
('gradient norm = ', 0.022951916146258987)
('value = ', 0.4644355904084671)
('gradient norm = ', 0.021726112187228926)
('hess, call', 5, ', grad norm = ', 0.021726112187228926)
('hess, call', 6, ', grad norm = ', 0.021726112187228926)
('hess, call', 7, ', grad norm = ', 0.021726112187228926)
('hess, call', 8, ', grad norm = ', 0.021726112187228926)
('hess, call', 9, ', grad norm = ', 0.021726112187228926)
('hess, call', 10, ', grad norm = ', 0.021726112187228926)
('value = ', 0.46441865690707351)
('gradient norm = ', 0.0015485171363094356)
{'value': 0.46441865690707351, 'grad_norm': 0.0015485171363094356, 'success': True, 'iterations': 1}
('error_real = ', 0.0029822661610675802)
('primal = ', 0.19504327023165782)
('dual = ', 0.27507508568923439)
('error max <= ', 0.080031815457576566)


('BIG iteration', 8)
('epsilon = ', 0.007216909317590792)
('value = ', 0.32641934676862944)
('gradient norm = ', 0.069426520999851998)
('time for h = ', 27.93867015838623)
('value = ', 0.326419346768414)
('gradient norm = ', 0.069426530853372859)


('iteration ', 1)
('time for psi = ', 10.425533056259155)
('time for h = ', 428.5801570415497)
('value = ', 0.32636641842656278)
('gradient norm = ', 0.024566973555269666)
('value = ', 0.32688555292105531)
('gradient norm = ', 0.024820505658376353)
('hess, call', 5, ', grad norm = ', 0.024820505658376353)
('hess, call', 6, ', grad norm = ', 0.024820505658376353)
('hess, call', 7, ', grad norm = ', 0.024820505658376353)
('hess, call', 8, ', grad norm = ', 0.024820505658376353)
('hess, call', 9, ', grad norm = ', 0.024820505658376353)
('hess, call', 10, ', grad norm = ', 0.024820505658376353)
('value = ', 0.32687489159323663)
('gradient norm = ', 0.0021536651141731084)
{'value': 0.32687489159323663, 'grad_norm': 0.0021536651141731084, 'success': True, 'iterations': 1}
('error_real = ', 0.0035027252546624469)
('primal = ', 0.1965656916639105)
('dual = ', 0.2341765809320952)
('error max <= ', 0.037610889268184705)


('BIG iteration', 9)
('epsilon = ', 0.0035143228689254037)
('value = ', 0.25946568743129106)
('gradient norm = ', 0.060415933600248724)
('time for h = ', 31.278841972351074)
('value = ', 0.25946568743118947)
('gradient norm = ', 0.060415943377682226)


('iteration ', 1)
('time for psi = ', 10.65882420539856)
('time for h = ', 411.10075283050537)
('value = ', 0.25943997671683122)
('gradient norm = ', 0.021668231976110282)
('value = ', 0.25995604803093897)
('gradient norm = ', 0.022292225794330652)
('hess, call', 5, ', grad norm = ', 0.022292225794330652)
('hess, call', 6, ', grad norm = ', 0.022292225794330652)
('hess, call', 7, ', grad norm = ', 0.022292225794330652)
('hess, call', 8, ', grad norm = ', 0.022292225794330652)
('hess, call', 9, ', grad norm = ', 0.022292225794330652)
('hess, call', 10, ', grad norm = ', 0.022292225794330652)
('hess, call', 11, ', grad norm = ', 0.022292225794330652)
('hess, call', 12, ', grad norm = ', 0.022292225794330652)
('value = ', 0.25994875594268946)
('gradient norm = ', 0.0019341496824785702)
{'value': 0.25994875594268946, 'grad_norm': 0.0019341496824785702, 'success': True, 'iterations': 1}
('error_real = ', 0.003258483626885046)
('primal = ', 0.19731765314756025)
('dual = ', 0.21492823136572853)
('error max <= ', 0.017610578218168277)


('BIG iteration', 10)
('epsilon = ', 0.0017048733691151616)
('value = ', 0.22702745822504589)
('gradient norm = ', 0.063112738866851953)
('time for h = ', 63.86162209510803)
('value = ', 0.22702745822507839)
('gradient norm = ', 0.063112751689506891)


('iteration ', 1)
('time for psi = ', 10.809451818466187)
('time for h = ', 405.342570066452)
('value = ', 0.22701542045463921)
('gradient norm = ', 0.033119040560078583)
('value = ', 0.22753007660419164)
('gradient norm = ', 0.03177382610023062)
('hess, call', 5, ', grad norm = ', 0.03177382610023062)
('hess, call', 6, ', grad norm = ', 0.03177382610023062)
('hess, call', 7, ', grad norm = ', 0.03177382610023062)
('hess, call', 8, ', grad norm = ', 0.03177382610023062)
('hess, call', 9, ', grad norm = ', 0.03177382610023062)
('hess, call', 10, ', grad norm = ', 0.03177382610023062)
('hess, call', 11, ', grad norm = ', 0.03177382610023062)
('hess, call', 12, ', grad norm = ', 0.03177382610023062)
('value = ', 0.22752172099961646)
('gradient norm = ', 0.0072916464225385343)
{'value': 0.22752172099961646, 'grad_norm': 0.0072916464225385343, 'success': True, 'iterations': 1}
('error_real = ', 0.0085375461064602434)
('primal = ', 0.19943571436197005)
('dual = ', 0.20745477827713077)
('error max <= ', 0.0080190639151607179)


('BIG iteration', 11)
('epsilon = ', 0.0008239534058532366)
('value = ', 0.21170273821146882)
('gradient norm = ', 0.2499198813928046)
('time for h = ', 145.99141097068787)
('value = ', 0.21170273821139524)
('gradient norm = ', 0.24991994214532767)


('iteration ', 1)
('time for psi = ', 10.637915849685669)
('time for h = ', 845.572515964508)
('value = ', 0.21163145180056675)
('gradient norm = ', 0.19800088755604628)


('iteration ', 2)
('time for psi = ', 11.142004013061523)
('time for h = ', 496.5469579696655)
('value = ', 0.21158420596998975)
('gradient norm = ', 0.16260366175678123)
('value = ', 0.21210090388231789)
('gradient norm = ', 0.16109846314716603)
('hess, call', 6, ', grad norm = ', 0.16109846314716603)
('hess, call', 7, ', grad norm = ', 0.16109846314716603)
('value = ', 0.2120073581667225)
('gradient norm = ', 0.051447787835685183)
('hess, call', 9, ', grad norm = ', 0.051447787835685183)
('hess, call', 10, ', grad norm = ', 0.051447787835685183)
('hess, call', 11, ', grad norm = ', 0.051447787835685183)
('hess, call', 12, ', grad norm = ', 0.051447787835685183)
('hess, call', 13, ', grad norm = ', 0.051447787835685183)
('hess, call', 14, ', grad norm = ', 0.051447787835685183)
('value = ', 0.21200236832200575)
('gradient norm = ', 0.010011024359729474)
('hess, call', 16, ', grad norm = ', 0.010011024359729474)
('hess, call', 17, ', grad norm = ', 0.010011024359729474)
('hess, call', 18, ', grad norm = ', 0.010011024359729474)
('hess, call', 19, ', grad norm = ', 0.010011024359729474)
('hess, call', 20, ', grad norm = ', 0.010011024359729474)
('hess, call', 21, ', grad norm = ', 0.010011024359729474)
('hess, call', 22, ', grad norm = ', 0.010011024359729474)
('hess, call', 23, ', grad norm = ', 0.010011024359729474)
('hess, call', 24, ', grad norm = ', 0.010011024359729474)
('hess, call', 25, ', grad norm = ', 0.010011024359729474)
('hess, call', 26, ', grad norm = ', 0.010011024359729474)
('hess, call', 27, ', grad norm = ', 0.010011024359729474)
('hess, call', 28, ', grad norm = ', 0.010011024359729474)
('hess, call', 29, ', grad norm = ', 0.010011024359729474)
('hess, call', 30, ', grad norm = ', 0.010011024359729474)
('hess, call', 31, ', grad norm = ', 0.010011024359729474)
('hess, call', 32, ', grad norm = ', 0.010011024359729474)
('hess, call', 33, ', grad norm = ', 0.010011024359729474)
('hess, call', 34, ', grad norm = ', 0.010011024359729474)
('hess, call', 35, ', grad norm = ', 0.010011024359729474)
('hess, call', 36, ', grad norm = ', 0.010011024359729474)
('hess, call', 37, ', grad norm = ', 0.010011024359729474)
('hess, call', 38, ', grad norm = ', 0.010011024359729474)
('hess, call', 39, ', grad norm = ', 0.010011024359729474)
('hess, call', 40, ', grad norm = ', 0.010011024359729474)
('hess, call', 41, ', grad norm = ', 0.010011024359729474)
('hess, call', 42, ', grad norm = ', 0.010011024359729474)
('hess, call', 43, ', grad norm = ', 0.010011024359729474)
('hess, call', 44, ', grad norm = ', 0.010011024359729474)
('hess, call', 45, ', grad norm = ', 0.010011024359729474)
('hess, call', 46, ', grad norm = ', 0.010011024359729474)
('hess, call', 47, ', grad norm = ', 0.010011024359729474)
('hess, call', 48, ', grad norm = ', 0.010011024359729474)
('hess, call', 49, ', grad norm = ', 0.010011024359729474)
('hess, call', 50, ', grad norm = ', 0.010011024359729474)
('hess, call', 51, ', grad norm = ', 0.010011024359729474)
('hess, call', 52, ', grad norm = ', 0.010011024359729474)
('hess, call', 53, ', grad norm = ', 0.010011024359729474)
('hess, call', 54, ', grad norm = ', 0.010011024359729474)
('hess, call', 55, ', grad norm = ', 0.010011024359729474)
CG FAIL
('value = ', 0.21200135362495903)
('gradient norm = ', 0.0018843631067203053)
{'value': 0.21200135362495903, 'grad_norm': 0.0018843631067203053, 'success': True, 'iterations': 3}
('error_real = ', 0.0033537501711556985)
('primal = ', 0.19830633473693537)
('dual = ', 0.20158457052625545)
('error max <= ', 0.003278235789320072)


('BIG iteration', 12)
('epsilon = ', 0.00039671008180570396)
('value = ', 0.20425779775711989)
('gradient norm = ', 0.17434909406468788)
('time for h = ', 117.37467193603516)
('value = ', 0.20425779775704306)
('gradient norm = ', 0.17434915743161786)


('iteration ', 1)
('time for psi = ', 10.432022094726562)
('time for h = ', 551.6471011638641)
('value = ', 0.20424221016030658)
('gradient norm = ', 0.13219370800001787)
('value = ', 0.20476227019275814)
('gradient norm = ', 0.13078344392215899)
('hess, call', 5, ', grad norm = ', 0.13078344392215899)
('hess, call', 6, ', grad norm = ', 0.13078344392215899)
('hess, call', 7, ', grad norm = ', 0.13078344392215899)
('hess, call', 8, ', grad norm = ', 0.13078344392215899)
('value = ', 0.20471083895893666)
('gradient norm = ', 0.019942091860290674)
('hess, call', 10, ', grad norm = ', 0.019942091860290674)
('hess, call', 11, ', grad norm = ', 0.019942091860290674)
('hess, call', 12, ', grad norm = ', 0.019942091860290674)
('hess, call', 13, ', grad norm = ', 0.019942091860290674)
('hess, call', 14, ', grad norm = ', 0.019942091860290674)
('hess, call', 15, ', grad norm = ', 0.019942091860290674)
('hess, call', 16, ', grad norm = ', 0.019942091860290674)
('hess, call', 17, ', grad norm = ', 0.019942091860290674)
('hess, call', 18, ', grad norm = ', 0.019942091860290674)
('hess, call', 19, ', grad norm = ', 0.019942091860290674)
('hess, call', 20, ', grad norm = ', 0.019942091860290674)
('hess, call', 21, ', grad norm = ', 0.019942091860290674)
('hess, call', 22, ', grad norm = ', 0.019942091860290674)
('hess, call', 23, ', grad norm = ', 0.019942091860290674)
('value = ', 0.20471003052403763)
('gradient norm = ', 0.0025249460444448351)
{'value': 0.20471003052403763, 'grad_norm': 0.0025249460444448351, 'success': True, 'iterations': 2}
('error_real = ', 0.0038965600079642762)
('primal = ', 0.19870334115205143)
('dual = ', 0.19996238555835538)
('error max <= ', 0.0012590444063039496)


('BIG iteration', 13)
('epsilon = ', 0.00019028470438281253)
('value = ', 0.20081016448288472)
('gradient norm = ', 0.13510484547678087)
('time for h = ', 81.33281707763672)
('value = ', 0.20081016448288336)
('gradient norm = ', 0.13510489589281477)


('iteration ', 1)
('time for psi = ', 10.427828073501587)
('time for h = ', 808.9233379364014)
('value = ', 0.20080577369128011)
('gradient norm = ', 0.092957989726994886)
('value = ', 0.20132798196602164)
('gradient norm = ', 0.091655613662305291)
('hess, call', 5, ', grad norm = ', 0.091655613662305291)
('hess, call', 6, ', grad norm = ', 0.091655613662305291)
('hess, call', 7, ', grad norm = ', 0.091655613662305291)
('hess, call', 8, ', grad norm = ', 0.091655613662305291)
('hess, call', 9, ', grad norm = ', 0.091655613662305291)
('hess, call', 10, ', grad norm = ', 0.091655613662305291)
('Number of failed h = ', 7)
('errors for failed h = ', array([ 503.13680009,  383.48574976,  458.31529358,  345.63115734,
        469.24735479,  341.50094793,  402.11981677]))
('coordinates of the errors = ', array([[ 0.49071188,  2.17981227,  0.81983548,  1.48505261,  0.70203078,
         0.47319818,  0.62179498,  0.99766857,  1.7177814 ,  1.20802504,
         0.92971034,  0.57429253,  1.40312531,  1.83979999,  0.51789169,
         2.05291763,  0.90475482,  0.43200265,  0.87090004,  0.79831622,
         0.36156653,  0.63310104,  0.46977446,  0.6885111 ,  0.60427123,
         1.41594164,  0.68197543,  0.76097467,  0.98495166,  1.52700624,
         1.05089455,  0.68309036,  1.03846455,  0.75586867,  1.26048497,
         0.95592435,  0.9350744 ,  0.5485945 ,  0.73207142,  0.96144931,
         0.27333187,  0.39774874,  0.85408096,  0.18375154,  0.4586797 ,
         0.84251473,  0.84308849,  0.85197929,  5.03981306,  0.92925534],
       [ 0.85470308,  3.51239047,  0.92090446,  1.17460197,  1.79254414,
         0.85126665,  1.09940604,  0.34996088,  0.84223005,  2.46830229,
         0.62880427,  0.54077115,  1.2210227 ,  1.98818704,  0.53737139,
         0.53733851,  2.00935908,  0.72049731,  1.17162268,  1.04018688,
         1.90862475,  0.71961606,  0.65702369,  0.33907686,  1.03894765,
         0.753473  ,  1.74310864,  0.52768327,  0.96892134,  0.84022521,
         1.42459242,  0.47212597,  0.42964982,  0.81854627,  0.43921946,
         0.30928779,  0.70233619,  0.500183  ,  1.07056073,  0.34176918,
         0.55100896,  0.83850254,  1.86178717,  0.51293048,  0.62056703,
         0.92711791,  1.06248642,  0.57442639,  0.84007494,  0.60829169],
       [ 1.05914022,  1.37327899,  1.11014572,  2.00237433,  1.00032126,
         1.14100881,  0.59118603,  0.61719702,  0.44227662,  3.4083258 ,
         1.10985367,  0.74634019,  2.86410757,  1.20001044,  0.31349731,
         1.06584276,  0.97090093,  0.93846826,  1.62020021,  0.58009571,
         1.31030237,  0.97828809,  1.07517445,  0.48867515,  1.76832489,
         0.58236674,  0.86177872,  0.4423439 ,  1.01626578,  0.52520705,
         0.68705093,  0.50894552,  1.01678755,  0.93768799,  0.58559378,
         0.37156336,  1.97942366,  0.82292137,  0.56362609,  0.65825243,
         0.3451798 ,  0.59436132,  0.82410305,  0.33277461,  0.81536718,
         0.54550214,  1.00658908,  0.84767261,  1.5067188 ,  0.54405172],
       [ 1.11024635,  0.41235968,  1.61448078,  0.91404513,  1.34674282,
         1.0802996 ,  2.35820358,  0.75208665,  1.18267192,  2.17516187,
         0.91703209,  0.38716231,  1.09381775,  0.97205725,  0.7999647 ,
         0.47332357,  1.06050354,  0.751389  ,  0.62148091,  0.63788366,
         0.76650916,  0.51197488,  0.31114952,  0.98459739,  1.69705433,
         0.71647257,  2.01926915,  0.71245076,  1.56996111,  1.57300056,
         1.63119355,  1.79973581,  0.30594829,  0.8543687 ,  0.40288822,
         0.56947705,  0.58510793,  0.90256273,  0.30297785,  0.52259366,
         1.95765898,  1.04042147,  1.03429939,  0.45693047,  1.11186676,
         0.52134149,  0.47497712,  0.6974979 ,  0.89385513,  1.03726995],
       [ 0.30801567,  0.72823195,  1.86612532,  0.63759153,  0.54266858,
         0.74355165,  0.49633476,  1.32274346,  2.05949922,  3.20970427,
         1.1722736 ,  0.52966519,  0.28347211,  0.6630217 ,  0.55332344,
         0.50005508,  1.67300471,  0.31473139,  2.06023423,  0.55494634,
         1.6745283 ,  1.26496858,  0.48910564,  0.74755932,  0.29520004,
         0.86281741,  1.93254459,  0.83395488,  0.59696358,  0.26255444,
         0.40416878,  1.48660452,  1.05348605,  1.45976182,  1.82980188,
         0.69000073,  1.05825385,  1.21022705,  0.53332605,  0.52098567,
         1.88758984,  0.68383735,  0.70697823,  1.16709821,  0.57950627,
         0.92105054,  1.19264881,  0.39912007,  1.02227831,  0.74681038],
       [ 2.13091054,  0.69905979,  0.71784986,  0.77136326,  1.08255854,
         0.31090577,  1.48277302,  0.61152202,  0.93229005,  2.77586465,
         0.97283259,  0.71831074,  0.82559459,  0.86104172,  1.85452291,
         1.41433729,  0.78905423,  0.8327862 ,  0.51647936,  0.61344209,
         1.36687641,  0.89616115,  0.58286446,  0.98796442,  1.42365145,
         0.66150918,  2.02633764,  1.35536145,  0.90766641,  1.24884301,
         0.6352396 ,  0.52925027,  0.29851642,  2.14052731,  0.74308318,
         1.11121463,  0.88125237,  0.46317138,  0.65221629,  0.78204234,
         0.87509426,  0.98409423,  0.47597545,  0.87831185,  1.13759843,
         0.63025613,  0.5857735 ,  0.95002044,  0.26170251,  1.205625  ],
       [ 1.20047768,  0.49706397,  0.76678876,  0.56937899,  1.30196387,
         1.17956229,  1.18854477,  0.9556034 ,  0.92841574,  1.68221001,
         2.17612895,  0.65648267,  1.09803832,  0.72589016,  1.06948532,
         0.40181046,  0.55975155,  0.3099274 ,  0.77428479,  0.66666478,
         0.48361269,  1.64510186,  0.63031214,  0.65979207,  0.65379306,
         1.80403926,  1.12172493,  0.82058374,  1.88236378,  1.09217936,
         1.88828548,  1.16244138,  0.74183055,  0.56244422,  0.38721554,
         0.80210278,  2.36957088,  0.59831254,  1.1219375 ,  1.18610761,
         0.82384023,  0.57596031,  0.63726806,  1.06494195,  0.63003667,
         0.61203043,  0.3851791 ,  0.92696051,  2.13634305,  0.4771864 ]]))
('value = ', 0.20131602396078163)
('gradient norm = ', 0.017693638317991693)
('hess, call', 12, ', grad norm = ', 0.017693638317991693)
('hess, call', 13, ', grad norm = ', 0.017693638317991693)
('hess, call', 14, ', grad norm = ', 0.017693638317991693)
('hess, call', 15, ', grad norm = ', 0.017693638317991693)
('hess, call', 16, ', grad norm = ', 0.017693638317991693)
('hess, call', 17, ', grad norm = ', 0.017693638317991693)
('hess, call', 18, ', grad norm = ', 0.017693638317991693)
('hess, call', 19, ', grad norm = ', 0.017693638317991693)
('hess, call', 20, ', grad norm = ', 0.017693638317991693)
('hess, call', 21, ', grad norm = ', 0.017693638317991693)
('hess, call', 22, ', grad norm = ', 0.017693638317991693)
('hess, call', 23, ', grad norm = ', 0.017693638317991693)
('hess, call', 24, ', grad norm = ', 0.017693638317991693)
('hess, call', 25, ', grad norm = ', 0.017693638317991693)
('hess, call', 26, ', grad norm = ', 0.017693638317991693)
('hess, call', 27, ', grad norm = ', 0.017693638317991693)
('hess, call', 28, ', grad norm = ', 0.017693638317991693)
('hess, call', 29, ', grad norm = ', 0.017693638317991693)
('Number of failed h = ', 88)
('errors for failed h = ', array([  5.50099319e-02,   3.99530554e+02,   6.19871056e-03,
         5.00732420e-02,   4.04671996e+02,   4.32487337e+02,
         1.24301566e-02,   4.43121950e-02,   4.07682308e+02,
         9.16354934e-02,   2.74603980e-04,   8.87939212e-02,
         5.50699074e-02,   4.85315408e+02,   4.12489580e+02,
         1.16294826e+02,   5.33451216e+02,   4.04801015e+02,
         4.84720682e+02,   5.21648246e+02,   4.35311047e+02,
         6.46842020e-02,   3.60469372e-04,   4.07616893e-04,
         8.01328184e-01,   4.30317687e+02,   5.32388995e+02,
         1.29210769e-03,   1.07486765e-02,   1.83335621e-02,
         1.86831115e+00,   4.83435791e+02,   2.47250055e-02,
         1.04372283e-03,   5.85858825e-04,   3.55559114e+02,
         5.31381729e+02,   5.17540309e+02,   6.84738950e-01,
         4.86325762e+02,   3.76654580e+02,   4.09772708e+02,
         1.95017222e-02,   2.05642716e-01,   7.22628821e-01,
         2.72918542e-01,   1.08732732e-02,   3.81956537e+02,
         4.83298175e+02,   5.59702977e-04,   8.49549305e-03,
         5.01306480e+02,   4.65335754e+02,   5.24493590e-01,
         3.79988720e+02,   3.86725532e+02,   3.91631565e+02,
         5.34021936e+02,   4.28214588e+02,   4.85874186e+02,
         3.90422143e+02,   6.39690700e-04,   5.90043154e-04,
         2.33377068e-04,   4.45326698e+02,   5.30192681e-01,
         3.58874842e+02,   3.65228025e+02,   2.59970728e-02,
         4.41994962e+02,   7.05666522e-02,   1.78493984e-02,
         5.31789638e-01,   1.71034413e-01,   3.60133925e+02,
         1.83139702e-02,   4.17110074e-04,   3.48885022e+02,
         4.85503983e-04,   5.10287865e+02,   1.41781271e+00,
         2.68932657e+02,   2.07588426e-02,   4.07597722e+02,
         5.06392180e+02,   3.89402708e+02,   3.78495680e+02,
         4.93512616e+02]))
('coordinates of the errors = ', array([[ 1.40077984,  0.51743107,  1.5948783 , ...,  0.69862619,
         0.88919415,  0.61067203],
       [ 0.62314561,  0.8065641 ,  3.212924  , ...,  0.93460925,
         0.72764884,  1.00138423],
       [ 2.01457311,  0.61383807,  1.15683077, ...,  0.67245047,
         1.08659702,  0.66107006],
       ..., 
       [ 1.27147238,  0.971166  ,  1.20845727, ...,  0.59055583,
         1.8676598 ,  1.0115891 ],
       [ 1.92031002,  0.35870885,  1.74678154, ...,  0.9604246 ,
         1.01872429,  0.52567819],
       [ 0.5475512 ,  0.41867995,  1.18318231, ...,  1.02446259,
         0.9680244 ,  0.67510365]]))
('value = ', 0.20131562712371556)
('gradient norm = ', 0.0020455434123548997)
{'value': 0.20131562712371556, 'grad_norm': 0.0020455434123548997, 'success': True, 'iterations': 2}
('error_real = ', 0.0034543865059754562)
('primal = ', 0.19884875188175241)
('dual = ', 0.19934031302419117)
('error max <= ', 0.0004915611424387567)


('BIG iteration', 14)
('epsilon = ', 9.092735964415082e-05)
('Number of failed h = ', 2)
('errors for failed h = ', array([ 0.00010096,  0.00010258]))
('coordinates of the errors = ', array([[ 1.23539949,  1.14734765,  0.4592594 ,  1.09253943,  2.08404971,
         0.84073034,  1.2907047 ,  0.80685993,  0.53055813,  0.62654302,
         0.72093024,  0.68066799,  1.06996222,  1.79809082,  0.96738254,
         0.96414588,  0.5928442 ,  1.22516229,  0.51825259,  0.54904292,
         0.65637352,  0.45786029,  0.81395686,  0.44092561,  0.96692757,
         0.79183111,  2.50102092,  0.89135279,  0.40207776,  0.53440423,
         1.34338316,  0.36866996,  1.05211658,  0.7227879 ,  0.32229536,
         1.00834835,  0.69141614,  0.57504854,  0.73825084,  2.32871781,
         0.88929165,  1.09847536,  0.67872519,  1.23409603,  0.95405385,
         0.63041082,  0.8894294 ,  3.50028332,  0.8874707 ,  1.0568764 ],
       [ 0.65539636,  1.58487582,  0.66954077,  0.63620901,  0.32502706,
         0.60961834,  0.4870119 ,  0.90683588,  1.26302651,  1.11435196,
         0.53333579,  3.26483882,  0.7887807 ,  0.66676029,  1.82783167,
         0.46588009,  0.81534254,  0.45333216,  0.7762129 ,  1.00684381,
         1.00122433,  0.76690789,  2.21137113,  2.19644481,  0.95125334,
         0.60152033,  0.91990589,  0.83995407,  0.53891418,  0.57035261,
         1.53264699,  0.41897603,  0.40845322,  1.13376048,  2.38057007,
         0.54025317,  0.49542058,  2.246456  ,  1.07067944,  0.31589587,
         1.4181635 ,  1.80813479,  0.61668349,  0.70146205,  0.56624261,
         0.69245566,  0.47613979,  1.33618371,  0.42942963,  0.84054793]]))
('value = ', 0.19921742043598037)
('gradient norm = ', 0.12408414942278939)
('time for h = ', 59.065577030181885)
('value = ', 0.19921742043586724)
('gradient norm = ', 0.12408420000465389)


('iteration ', 1)
('time for psi = ', 10.69008183479309)
('time for h = ', 597.1269199848175)
('value = ', 0.19921563698635134)
('gradient norm = ', 0.066784788129901171)
('value = ', 0.19973863628208471)
('gradient norm = ', 0.06556335348097958)
('hess, call', 5, ', grad norm = ', 0.06556335348097958)
('hess, call', 6, ', grad norm = ', 0.06556335348097958)
('hess, call', 7, ', grad norm = ', 0.06556335348097958)
('hess, call', 8, ', grad norm = ', 0.06556335348097958)
('hess, call', 9, ', grad norm = ', 0.06556335348097958)
('hess, call', 10, ', grad norm = ', 0.06556335348097958)
('hess, call', 11, ', grad norm = ', 0.06556335348097958)
('hess, call', 12, ', grad norm = ', 0.06556335348097958)
('Number of failed h = ', 553)
('errors for failed h = ', array([  4.80692861e+02,   4.68016360e+02,   4.69171194e+02,
         3.98025256e+02,   4.32691980e+02,   4.48948420e+02,
         3.93883744e+02,   4.13907662e+02,   3.81930848e+02,
         3.73367195e+02,   4.36645504e+02,   3.71428299e+02,
         3.91927318e+02,   3.68478536e+02,   4.92536525e+02,
         4.05202705e+02,   3.83972328e+02,   4.82192607e+02,
         4.35185741e+02,   4.56560119e+02,   4.08177320e+02,
         4.73059049e+02,   3.81973982e+02,   5.09745936e+02,
         4.23384081e+02,   3.66626383e+02,   3.73152803e+02,
         3.91684823e+02,   3.96059451e+02,   3.91270950e+02,
         3.70895636e+02,   4.32459663e+02,   4.12185280e+02,
         4.61500874e+02,   3.85105178e+02,   4.59864409e+02,
         4.20071000e+02,   4.29114587e+02,   4.30225993e+02,
         5.23291277e+02,   3.93754851e+02,   3.68512488e+02,
         3.44303761e+02,   4.30805730e+02,   3.88372029e+02,
         4.79799594e+02,   3.95471788e+02,   3.66560408e+02,
         5.08576778e+02,   3.72695642e+02,   3.95737257e+02,
         3.71632584e+02,   3.68332166e+02,   3.64275937e+02,
         4.28928308e+02,   5.24375158e+02,   5.31545126e+02,
         4.10307304e+02,   4.36770188e+02,   4.33596191e+02,
         3.73563531e+02,   3.90272982e+02,   5.10768871e+02,
         4.15553434e+02,   5.42014925e+02,   4.01876217e+02,
         4.01453911e+02,   3.75795732e+02,   3.92446489e+02,
         4.29626817e+02,   4.71386662e+02,   4.90847201e+02,
         4.02405430e+02,   3.73426415e+02,   5.02046082e+02,
         3.98520909e+02,   4.34096915e+02,   4.68509083e+02,
         3.87707689e+02,   5.11413309e+02,   4.76455637e+02,
         4.17150902e+02,   3.33244259e+02,   4.32119160e+02,
         4.46166293e+02,   3.95099896e+02,   3.86227249e+02,
         3.91872355e+02,   4.33254530e+02,   3.95739468e+02,
         3.89837188e+02,   4.85103730e+02,   3.93134021e+02,
         4.21834901e+02,   3.70018412e+02,   5.40603109e+02,
         4.37570787e+02,   4.85729285e+02,   4.22504275e+02,
         3.82387655e+02,   3.96247564e+02,   4.66112981e+02,
         3.72073404e+02,   4.69987424e+02,   3.98676980e+02,
         3.99934517e+02,   4.26688892e+02,   5.21722317e+02,
         5.04364914e+02,   3.68995999e+02,   4.20857355e+02,
         4.90602224e+02,   4.48102332e+02,   3.84618087e+02,
         3.71664562e+02,   5.17045323e+02,   4.11267778e+02,
         3.95406723e+02,   3.49634668e+02,   4.22984993e+02,
         4.52306631e+02,   4.19850915e+02,   4.25435785e+02,
         5.29309260e+02,   4.48933818e+02,   5.07471123e+02,
         3.88766477e+02,   4.27246672e+02,   3.92455314e+02,
         4.18676047e+02,   5.12213947e+02,   5.33210220e+02,
         4.08825758e+02,   3.92391001e+02,   4.56969578e+02,
         5.29796302e+02,   4.07688629e+02,   4.33151220e+02,
         4.08154919e+02,   5.33758788e+02,   5.40923068e+02,
         4.21794796e+02,   4.55740804e+02,   4.49683151e+02,
         4.85783366e+02,   4.52404314e+02,   3.66086465e+02,
         4.15110193e+02,   4.03705489e+02,   4.14165905e+02,
         4.25419926e+02,   4.76102665e+02,   4.28469248e+02,
         4.10514811e+02,   4.30047989e+02,   4.36648931e+02,
         4.16544618e+02,   4.84064434e+02,   4.56835625e+02,
         4.03571440e+02,   4.34139921e+02,   4.79359254e+02,
         3.70718342e+02,   4.29490477e+02,   4.28281166e+02,
         4.31680440e+02,   4.74714841e+02,   4.69825832e+02,
         5.33624968e+02,   5.23664213e+02,   4.23202605e+02,
         5.14899543e+02,   4.83075916e+02,   4.56400739e+02,
         4.30701094e+02,   4.27126737e+02,   4.05210819e+02,
         4.55500913e+02,   5.39431540e+02,   4.84546179e+02,
         4.63383066e+02,   3.68739591e+02,   4.79007829e+02,
         3.78375052e+02,   3.81149778e+02,   3.66382681e+02,
         5.25510077e+02,   3.91787094e+02,   4.25769988e+02,
         4.83134788e+02,   3.92458100e+02,   4.24069763e+02,
         7.22100544e-02,   4.03571286e+02,   4.17580566e+02,
         3.96010870e+02,   4.90456366e+02,   3.70607753e+02,
         3.72905190e+02,   5.15169628e+02,   4.71028148e+02,
         4.31429263e+02,   5.20456333e+02,   4.09973144e+02,
         3.93753453e+02,   4.19082557e+02,   5.08393976e+02,
         3.76236283e+02,   3.99961257e+02,   4.24766835e+02,
         3.93478446e+02,   4.27714319e+02,   3.81554909e+02,
         4.20068448e+02,   4.40248844e+02,   4.41564777e+02,
         4.05554388e+02,   4.02955622e+02,   3.72557961e+02,
         3.96522464e+02,   3.78232509e+02,   3.90108689e+02,
         3.91953850e+02,   4.32753385e+02,   3.93338217e+02,
         3.93658539e+02,   3.86200760e+02,   5.42594598e+02,
         4.29863064e+02,   3.94884192e+02,   4.05920550e+02,
         5.03547472e+02,   4.20251496e+02,   4.85921173e+02,
         3.79419676e+02,   4.59371510e+02,   4.33224456e+02,
         3.69212584e+02,   4.35376676e+02,   4.07436363e+02,
         4.30993637e+02,   4.36208247e+02,   4.38926860e+02,
         3.76148359e+02,   4.27424872e+02,   4.50973676e+02,
         4.07876566e+02,   3.71244400e+02,   4.00697596e+02,
         3.96706451e+02,   3.81259644e+02,   3.73051630e+02,
         4.10835547e+02,   4.10633900e+02,   3.47270529e+02,
         3.80567268e+02,   4.32028568e+02,   5.20673632e+02,
         4.70516996e+02,   4.30253675e+02,   4.87677297e+02,
         5.34234111e+02,   4.55388026e+02,   3.73794105e+02,
         4.30779912e+02,   4.20188335e+02,   4.35128747e+02,
         3.97857455e+02,   3.72129583e+02,   4.80523710e+02,
         3.81989622e+02,   4.56567911e+02,   4.28676821e+02,
         4.11954540e+02,   5.27894849e+02,   4.35408010e+02,
         5.41469064e+02,   4.13344673e+02,   4.18100832e+02,
         5.22849646e+02,   5.31673626e+02,   3.94248956e+02,
         3.72836143e+02,   4.51065920e+02,   4.04592091e+02,
         4.02423834e+02,   3.76104234e+02,   4.32641843e+02,
         4.81638644e+02,   5.10246524e+02,   4.31349919e+02,
         3.80765711e+02,   3.90398451e+02,   4.27337927e+02,
         4.14231322e+02,   3.93009336e+02,   5.24134559e+02,
         3.71720174e+02,   3.74587289e+02,   3.70145956e+02,
         3.95789257e+02,   4.19558904e+02,   3.96619906e+02,
         3.88851567e+02,   4.53946494e+02,   3.61881083e+02,
         4.28055831e+02,   5.11319957e+02,   5.32815924e+02,
         5.33656366e+02,   5.12213396e+02,   4.21073180e+02,
         3.93965890e+02,   3.94584554e+02,   4.27455999e+02,
         4.35757162e+02,   4.30522378e+02,   4.58396707e+02,
         4.05405257e+02,   4.08352657e+02,   5.32407716e+02,
         3.73257786e+02,   3.69470049e+02,   5.04141905e+02,
         4.30324002e+02,   4.85491901e+02,   4.56889101e+02,
         4.06934331e+02,   4.11041063e+02,   4.29092611e+02,
         3.75451273e+02,   5.31983956e+02,   3.74362178e+02,
         4.18128746e+02,   3.99552269e+02,   3.75876137e+02,
         4.30001552e+02,   4.35362075e+02,   5.39437222e+02,
         4.24979965e+02,   4.56566946e+02,   3.87285210e+02,
         4.28547489e+02,   3.57558196e+02,   4.03271831e+02,
         4.21014788e+02,   3.98367400e+02,   4.11922148e+02,
         4.70833864e+02,   5.33726495e+02,   5.10253607e+02,
         4.07062359e+02,   3.91260396e+02,   3.71483210e+02,
         3.95566816e+02,   3.89776970e+02,   4.13128980e+02,
         4.71631257e+02,   4.00803639e+02,   3.92133852e+02,
         4.28549209e+02,   3.64205310e+02,   4.84777592e+02,
         3.91368752e+02,   4.34499918e+02,   3.64068355e+02,
         4.32160476e+02,   4.33289937e+02,   4.32851008e+02,
         4.23227473e+02,   3.90625218e+02,   4.07526409e+02,
         3.99845494e+02,   4.08338322e+02,   4.33714772e+02,
         4.87138190e+02,   4.23313507e+02,   4.30914093e+02,
         4.88951132e+02,   1.22296071e-04,   4.17356678e+02,
         4.49433655e+02,   3.68592180e+02,   5.11488901e+02,
         4.83505585e+02,   4.20490028e+02,   4.25724761e+02,
         4.14220919e+02,   4.08161137e+02,   5.36223996e+02,
         4.86914505e+02,   4.91628531e+02,   4.26880114e+02,
         4.43548584e+02,   5.22843938e+02,   4.77449288e+02,
         3.02656264e-02,   3.97546815e+02,   4.78534075e+02,
         4.29459100e+02,   3.98262968e+02,   4.33889127e+02,
         4.16354444e+02,   3.86449930e+02,   4.56304043e+02,
         3.75076070e+02,   4.23708711e+02,   4.46217039e+02,
         5.08462448e+02,   5.11232422e+02,   3.69184550e+02,
         4.04332101e+02,   3.92755858e+02,   4.10142610e+02,
         4.20626012e+02,   3.97631149e+02,   4.81089474e+02,
         4.26735176e+02,   3.91838980e+02,   3.89656225e+02,
         3.85417585e+02,   3.73171646e+02,   3.63715122e+02,
         4.25908929e+02,   3.70001824e+02,   3.91988337e+02,
         4.16772757e+02,   3.60585273e+02,   4.30872406e+02,
         4.81405027e+02,   3.83086267e+02,   3.62760983e+02,
         3.98134100e+02,   4.54624242e+02,   3.84079793e+02,
         4.20230387e+02,   4.64697370e+02,   4.20428815e+02,
         5.33147257e+02,   3.45494349e+02,   4.08772417e+02,
         3.90495038e+02,   4.24403364e+02,   4.75234251e+02,
         4.89210754e+02,   4.58206946e+02,   4.03927279e+02,
         4.08125765e+02,   3.74340132e+02,   5.31466196e+02,
         4.27850017e+02,   3.73175107e+02,   4.91202387e+02,
         5.32054592e+02,   3.79789511e+02,   3.63016638e+02,
         5.41526239e+02,   4.36045775e+02,   5.28712792e+02,
         4.83100520e+02,   4.07457296e+02,   5.29075203e+02,
         4.79651559e+02,   4.38337754e+02,   4.54593317e+02,
         4.81196840e+02,   4.06960926e+02,   4.03105383e+02,
         4.22704843e+02,   4.07021501e+02,   4.16691003e+02,
         4.27829810e+02,   4.85782909e+02,   4.11384953e+02,
         4.35928678e+02,   3.87559499e+02,   3.87992362e+02,
         4.06195467e+02,   3.92391574e+02,   4.15551642e+02,
         4.01224704e+02,   4.83203547e+02,   4.24270844e+02,
         4.09329162e+02,   4.82807662e+02,   4.00780100e+02,
         4.06471630e+02,   3.91817095e+02,   4.85810624e+02,
         4.82420610e+02,   3.70607357e+02,   3.93932434e+02,
         4.31591770e+02,   5.19017694e+02,   3.70061932e+02,
         4.28692879e+02,   3.80447222e+02,   3.70088005e+02,
         3.64165635e+02,   4.11082111e+02,   3.82073061e+02,
         4.30426564e+02,   4.31461372e+02,   3.98493742e+02,
         5.12529709e+02,   3.96915529e+02,   3.95035283e+02,
         5.12019456e+02,   5.14445700e+02,   3.82322094e+02,
         4.31829144e+02,   3.86714612e+02,   3.59076854e+02,
         3.94572558e+02,   3.88309968e+02,   3.52744347e+02,
         4.62180654e+02,   3.85231955e+02,   3.77972808e+02,
         4.21186212e+02,   3.91990246e+02,   4.26804732e+02,
         5.30772528e+02,   3.93019764e+02,   4.56421856e+02,
         4.30740469e+02,   5.18880993e+02,   3.50589302e+02,
         3.95631038e+02,   4.70149669e+02,   4.03861830e+02,
         5.21531676e+02,   4.63894047e+02,   4.10518661e+02,
         4.21092081e+02,   3.86622798e+02,   3.74780707e+02,
         4.72934163e+02,   4.54975694e+02,   4.00432930e+02,
         4.13360447e+02,   5.13502547e+02,   4.99733520e+02,
         4.22929253e+02,   4.01897784e+02,   4.30628585e+02,
         3.71052046e+02,   4.27449427e+02,   4.40993837e+02,
         4.08381431e+02,   5.29190362e+02,   3.84609331e+02,
         4.62563710e+02]))
('coordinates of the errors = ', array([[ 0.84907985,  0.60348792,  0.17426735, ...,  0.24212393,
         0.30363969,  1.47041171],
       [ 2.04340627,  0.56801755,  0.39991134, ...,  0.40462284,
         1.23905268,  2.31384305],
       [ 0.88008786,  1.22934189,  0.66942971, ...,  0.44674679,
         0.47276609,  0.33491243],
       ..., 
       [ 0.50027232,  1.13418698,  1.32480927, ...,  0.56191931,
         1.33935428,  1.00268788],
       [ 0.67506753,  1.03354002,  0.83682413, ...,  1.47382689,
         1.62810539,  0.8498117 ],
       [ 1.71930743,  0.82647833,  1.98257804, ...,  0.80961854,
         0.48078541,  0.79192193]]))
('value = ', 0.1997355744467541)
('gradient norm = ', 0.013657005252201435)
('hess, call', 14, ', grad norm = ', 0.013657005252201435)
('hess, call', 15, ', grad norm = ', 0.013657005252201435)
('hess, call', 16, ', grad norm = ', 0.013657005252201435)
('hess, call', 17, ', grad norm = ', 0.013657005252201435)
('hess, call', 18, ', grad norm = ', 0.013657005252201435)
('hess, call', 19, ', grad norm = ', 0.013657005252201435)
('hess, call', 20, ', grad norm = ', 0.013657005252201435)
('hess, call', 21, ', grad norm = ', 0.013657005252201435)
('hess, call', 22, ', grad norm = ', 0.013657005252201435)
('hess, call', 23, ', grad norm = ', 0.013657005252201435)
('hess, call', 24, ', grad norm = ', 0.013657005252201435)
('hess, call', 25, ', grad norm = ', 0.013657005252201435)
('hess, call', 26, ', grad norm = ', 0.013657005252201435)
('hess, call', 27, ', grad norm = ', 0.013657005252201435)
('hess, call', 28, ', grad norm = ', 0.013657005252201435)
('hess, call', 29, ', grad norm = ', 0.013657005252201435)
('hess, call', 30, ', grad norm = ', 0.013657005252201435)
('hess, call', 31, ', grad norm = ', 0.013657005252201435)
('hess, call', 32, ', grad norm = ', 0.013657005252201435)
('hess, call', 33, ', grad norm = ', 0.013657005252201435)
('hess, call', 34, ', grad norm = ', 0.013657005252201435)
('hess, call', 35, ', grad norm = ', 0.013657005252201435)
('hess, call', 36, ', grad norm = ', 0.013657005252201435)
('hess, call', 37, ', grad norm = ', 0.013657005252201435)
('hess, call', 38, ', grad norm = ', 0.013657005252201435)
('hess, call', 39, ', grad norm = ', 0.013657005252201435)
('hess, call', 40, ', grad norm = ', 0.013657005252201435)
('hess, call', 41, ', grad norm = ', 0.013657005252201435)
('hess, call', 42, ', grad norm = ', 0.013657005252201435)
('hess, call', 43, ', grad norm = ', 0.013657005252201435)
('hess, call', 44, ', grad norm = ', 0.013657005252201435)
('hess, call', 45, ', grad norm = ', 0.013657005252201435)
('hess, call', 46, ', grad norm = ', 0.013657005252201435)
('hess, call', 47, ', grad norm = ', 0.013657005252201435)
('hess, call', 48, ', grad norm = ', 0.013657005252201435)
('hess, call', 49, ', grad norm = ', 0.013657005252201435)
('hess, call', 50, ', grad norm = ', 0.013657005252201435)
('hess, call', 51, ', grad norm = ', 0.013657005252201435)
('hess, call', 52, ', grad norm = ', 0.013657005252201435)
('hess, call', 53, ', grad norm = ', 0.013657005252201435)
CG FAIL
Traceback (most recent call last):
  File "main.py", line 173, in <module>
    tol_0 = 1e-2, tol_f = 1e-2#to make it evolve during epsilon scaling
  File "/home/demarch/MOT_resolution/Class_grid.py", line 2576, in Optimization_entropic_decay
    self.Optimization_entropic(iterations = intermediate_iter)
  File "/home/demarch/MOT_resolution/Class_grid.py", line 1646, in Optimization_entropic
    self.Optimization_entropic_hybrid(iterations = iterations)
  File "/home/demarch/MOT_resolution/Class_grid.py", line 1870, in Optimization_entropic_hybrid
    self.Optimization_entropic_newton(iterations = iterations)
  File "/home/demarch/MOT_resolution/Class_grid.py", line 2359, in Optimization_entropic_newton
    adjust_for_ls = adjust_for_ls)
  File "/home/demarch/MOT_resolution/Generic_Functions.py", line 438, in Newton_CG
    print_evol = print_line_search)
  File "/home/demarch/MOT_resolution/Generic_Functions.py", line 215, in line_search
    data = phi(a_i)
  File "/home/demarch/MOT_resolution/Generic_Functions.py", line 211, in phi
    data = func_grad(x0 - a*p)
  File "/home/demarch/MOT_resolution/Class_grid.py", line 2285, in value_grad
    value_grad = self.value_grad_ext(pack)
  File "/home/demarch/MOT_resolution/Class_grid.py", line 2112, in value_grad_ext
    DATA = self.h_from_phi_psi(calc_phi = True, psi = psi, precise_h = precise_h)
  File "/home/demarch/MOT_resolution/Class_grid.py", line 1122, in h_from_phi_psi
    axis = axis, base_arg = base_arg, var = var, code_name = code_name)
  File "/home/demarch/MOT_resolution/Functions.py", line 1367, in action_pool
    results = list(pool.map(auxiliary_package, args))
  File "/usr/lib/python2.7/multiprocessing/pool.py", line 253, in map
    return self.map_async(func, iterable, chunksize).get()
  File "/usr/lib/python2.7/multiprocessing/pool.py", line 572, in get
    raise self._value
numpy.linalg.linalg.LinAlgError: Singular matrix
